nohup: ignoring input
2024-12-10 16:39:01 - INFO - PMTfication starts...
2024-12-10 16:39:01 - INFO - The number of files in the subdirectory: 2
2024-12-10 16:39:01 - INFO - The number of files in the subdirectory: 2
2024-12-10 16:39:01 - INFO - Using up to 1 workers.
2024-12-10 16:39:01 - INFO - PMTfying Snowstorm...
2024-12-10 16:39:01 - INFO - Found 2 database files in subdirectory 99999.
Processing 99999:   0%|          | 0/2 [00:00<?, ?it/s]2024-12-10 16:39:01 - INFO - Processing shard 1 of part 98 in subdirectory 99999.
2024-12-10 16:39:04 - ERROR - Error processing file merged_part_98.db: 'NoneType' object has no attribute 'schema'
concurrent.futures.process._RemoteTraceback: 
"""
Traceback (most recent call last):
  File "/usr/lib64/python3.9/concurrent/futures/process.py", line 246, in _process_worker
    r = call_item.fn(*call_item.args, **call_item.kwargs)
  File "/lustre/hpc/icecube/cyan/factory/DOMification/PMTfier.py", line 217, in pmtfy_part
    consolidated_truth = self._divide_and_conquer_part(
  File "/lustre/hpc/icecube/cyan/factory/DOMification/PMTfier.py", line 200, in _divide_and_conquer_part
    pa_truth_shard = self.pmtfy_shard(
  File "/lustre/hpc/icecube/cyan/factory/DOMification/PMTfier.py", line 186, in pmtfy_shard
    pa_truth_shard = self._add_enhance_event_no(pa_truth_shard, subdir_tag, part_no)
  File "/lustre/hpc/icecube/cyan/factory/DOMification/PMTfier.py", line 139, in _add_enhance_event_no
    if 'event_no' in pa_table.schema.names:
AttributeError: 'NoneType' object has no attribute 'schema'
"""

The above exception was the direct cause of the following exception:

Traceback (most recent call last):
  File "/lustre/hpc/icecube/cyan/factory/DOMification/PMTfier.py", line 248, in pmtfy_subdir_parallel
    future.result()
  File "/usr/lib64/python3.9/concurrent/futures/_base.py", line 439, in result
    return self.__get_result()
  File "/usr/lib64/python3.9/concurrent/futures/_base.py", line 391, in __get_result
    raise self._exception
AttributeError: 'NoneType' object has no attribute 'schema'
Processing 99999:  50%|█████     | 1/2 [00:02<00:02,  2.52s/it]2024-12-10 16:39:04 - INFO - Processing shard 1 of part 99 in subdirectory 99999.
2024-12-10 16:39:11 - ERROR - Error processing file merged_part_99.db: 'NoneType' object has no attribute 'schema'
concurrent.futures.process._RemoteTraceback: 
"""
Traceback (most recent call last):
  File "/usr/lib64/python3.9/concurrent/futures/process.py", line 246, in _process_worker
    r = call_item.fn(*call_item.args, **call_item.kwargs)
  File "/lustre/hpc/icecube/cyan/factory/DOMification/PMTfier.py", line 217, in pmtfy_part
    consolidated_truth = self._divide_and_conquer_part(
  File "/lustre/hpc/icecube/cyan/factory/DOMification/PMTfier.py", line 200, in _divide_and_conquer_part
    pa_truth_shard = self.pmtfy_shard(
  File "/lustre/hpc/icecube/cyan/factory/DOMification/PMTfier.py", line 186, in pmtfy_shard
    pa_truth_shard = self._add_enhance_event_no(pa_truth_shard, subdir_tag, part_no)
  File "/lustre/hpc/icecube/cyan/factory/DOMification/PMTfier.py", line 139, in _add_enhance_event_no
    if 'event_no' in pa_table.schema.names:
AttributeError: 'NoneType' object has no attribute 'schema'
"""

The above exception was the direct cause of the following exception:

Traceback (most recent call last):
  File "/lustre/hpc/icecube/cyan/factory/DOMification/PMTfier.py", line 248, in pmtfy_subdir_parallel
    future.result()
  File "/usr/lib64/python3.9/concurrent/futures/_base.py", line 439, in result
    return self.__get_result()
  File "/usr/lib64/python3.9/concurrent/futures/_base.py", line 391, in __get_result
    raise self._exception
AttributeError: 'NoneType' object has no attribute 'schema'
Processing 99999: 100%|██████████| 2/2 [00:10<00:00,  5.55s/it]Processing 99999: 100%|██████████| 2/2 [00:10<00:00,  5.10s/it]
2024-12-10 16:39:11 - INFO - PMTfication for Snowstorm completed.
2024-12-10 16:39:11 - INFO - PMTfying Corsika...
2024-12-10 16:39:11 - INFO - Found 2 database files in subdirectory 9999999-9999999.
Processing 9999999-9999999:   0%|          | 0/2 [00:00<?, ?it/s]2024-12-10 16:39:11 - INFO - Processing shard 1 of part 96 in subdirectory 9999999-9999999.
2024-12-10 16:39:21 - ERROR - Error processing file merged_part_96.db: 'NoneType' object has no attribute 'schema'
concurrent.futures.process._RemoteTraceback: 
"""
Traceback (most recent call last):
  File "/usr/lib64/python3.9/concurrent/futures/process.py", line 246, in _process_worker
    r = call_item.fn(*call_item.args, **call_item.kwargs)
  File "/lustre/hpc/icecube/cyan/factory/DOMification/PMTfier.py", line 217, in pmtfy_part
    consolidated_truth = self._divide_and_conquer_part(
  File "/lustre/hpc/icecube/cyan/factory/DOMification/PMTfier.py", line 200, in _divide_and_conquer_part
    pa_truth_shard = self.pmtfy_shard(
  File "/lustre/hpc/icecube/cyan/factory/DOMification/PMTfier.py", line 186, in pmtfy_shard
    pa_truth_shard = self._add_enhance_event_no(pa_truth_shard, subdir_tag, part_no)
  File "/lustre/hpc/icecube/cyan/factory/DOMification/PMTfier.py", line 139, in _add_enhance_event_no
    if 'event_no' in pa_table.schema.names:
AttributeError: 'NoneType' object has no attribute 'schema'
"""

The above exception was the direct cause of the following exception:

Traceback (most recent call last):
  File "/lustre/hpc/icecube/cyan/factory/DOMification/PMTfier.py", line 248, in pmtfy_subdir_parallel
    future.result()
  File "/usr/lib64/python3.9/concurrent/futures/_base.py", line 439, in result
    return self.__get_result()
  File "/usr/lib64/python3.9/concurrent/futures/_base.py", line 391, in __get_result
    raise self._exception
AttributeError: 'NoneType' object has no attribute 'schema'
Processing 9999999-9999999:  50%|█████     | 1/2 [00:09<00:09,  9.94s/it]2024-12-10 16:39:22 - INFO - Processing shard 1 of part 97 in subdirectory 9999999-9999999.
2024-12-10 16:39:28 - ERROR - Error processing file merged_part_97.db: 'NoneType' object has no attribute 'schema'
concurrent.futures.process._RemoteTraceback: 
"""
Traceback (most recent call last):
  File "/usr/lib64/python3.9/concurrent/futures/process.py", line 246, in _process_worker
    r = call_item.fn(*call_item.args, **call_item.kwargs)
  File "/lustre/hpc/icecube/cyan/factory/DOMification/PMTfier.py", line 217, in pmtfy_part
    consolidated_truth = self._divide_and_conquer_part(
  File "/lustre/hpc/icecube/cyan/factory/DOMification/PMTfier.py", line 200, in _divide_and_conquer_part
    pa_truth_shard = self.pmtfy_shard(
  File "/lustre/hpc/icecube/cyan/factory/DOMification/PMTfier.py", line 186, in pmtfy_shard
    pa_truth_shard = self._add_enhance_event_no(pa_truth_shard, subdir_tag, part_no)
  File "/lustre/hpc/icecube/cyan/factory/DOMification/PMTfier.py", line 139, in _add_enhance_event_no
    if 'event_no' in pa_table.schema.names:
AttributeError: 'NoneType' object has no attribute 'schema'
"""

The above exception was the direct cause of the following exception:

Traceback (most recent call last):
  File "/lustre/hpc/icecube/cyan/factory/DOMification/PMTfier.py", line 248, in pmtfy_subdir_parallel
    future.result()
  File "/usr/lib64/python3.9/concurrent/futures/_base.py", line 439, in result
    return self.__get_result()
  File "/usr/lib64/python3.9/concurrent/futures/_base.py", line 391, in __get_result
    raise self._exception
AttributeError: 'NoneType' object has no attribute 'schema'
Processing 9999999-9999999: 100%|██████████| 2/2 [00:16<00:00,  8.13s/it]Processing 9999999-9999999: 100%|██████████| 2/2 [00:16<00:00,  8.40s/it]
2024-12-10 16:39:28 - INFO - PMTfication for Corsika completed.
2024-12-10 16:39:28 - INFO - PMTfication completed.
