nohup: ignoring input
2024-11-18 17:37:52 - INFO - PMTfication starts...
2024-11-18 17:37:52 - INFO - The number of files in the subdirectory: 2
2024-11-18 17:37:52 - INFO - Using up to 15 workers.
2024-11-18 17:37:52 - INFO - Found 2 database files in subdirectory 99999.
2024-11-18 17:37:52 - INFO - Using 2 workers for parallel processing.
Processing 99999:   0%|          | 0/2 [00:00<?, ?it/s]2024-11-18 17:37:52 - ERROR - Error processing file merged_part_98.db: Can't pickle local object 'PMTfier.pmtfy_subdir_parallel.<locals>.process_and_log'
concurrent.futures.process._RemoteTraceback: 
"""
Traceback (most recent call last):
  File "/usr/lib64/python3.9/multiprocessing/queues.py", line 244, in _feed
    obj = _ForkingPickler.dumps(obj)
  File "/usr/lib64/python3.9/multiprocessing/reduction.py", line 51, in dumps
    cls(buf, protocol).dump(obj)
AttributeError: Can't pickle local object 'PMTfier.pmtfy_subdir_parallel.<locals>.process_and_log'
"""

The above exception was the direct cause of the following exception:

Traceback (most recent call last):
  File "/lustre/hpc/icecube/cyan/factory/DOMification/PMTfier.py", line 308, in pmtfy_subdir_parallel
    future.result()
  File "/usr/lib64/python3.9/concurrent/futures/_base.py", line 439, in result
    return self.__get_result()
  File "/usr/lib64/python3.9/concurrent/futures/_base.py", line 391, in __get_result
    raise self._exception
  File "/usr/lib64/python3.9/multiprocessing/queues.py", line 244, in _feed
    obj = _ForkingPickler.dumps(obj)
  File "/usr/lib64/python3.9/multiprocessing/reduction.py", line 51, in dumps
    cls(buf, protocol).dump(obj)
AttributeError: Can't pickle local object 'PMTfier.pmtfy_subdir_parallel.<locals>.process_and_log'
2024-11-18 17:37:52 - ERROR - Error processing file merged_part_99.db: Can't pickle local object 'PMTfier.pmtfy_subdir_parallel.<locals>.process_and_log'
concurrent.futures.process._RemoteTraceback: 
"""
Traceback (most recent call last):
  File "/usr/lib64/python3.9/multiprocessing/queues.py", line 244, in _feed
    obj = _ForkingPickler.dumps(obj)
  File "/usr/lib64/python3.9/multiprocessing/reduction.py", line 51, in dumps
    cls(buf, protocol).dump(obj)
AttributeError: Can't pickle local object 'PMTfier.pmtfy_subdir_parallel.<locals>.process_and_log'
"""

The above exception was the direct cause of the following exception:

Traceback (most recent call last):
  File "/lustre/hpc/icecube/cyan/factory/DOMification/PMTfier.py", line 308, in pmtfy_subdir_parallel
    future.result()
  File "/usr/lib64/python3.9/concurrent/futures/_base.py", line 439, in result
    return self.__get_result()
  File "/usr/lib64/python3.9/concurrent/futures/_base.py", line 391, in __get_result
    raise self._exception
  File "/usr/lib64/python3.9/multiprocessing/queues.py", line 244, in _feed
    obj = _ForkingPickler.dumps(obj)
  File "/usr/lib64/python3.9/multiprocessing/reduction.py", line 51, in dumps
    cls(buf, protocol).dump(obj)
AttributeError: Can't pickle local object 'PMTfier.pmtfy_subdir_parallel.<locals>.process_and_log'
Processing 99999: 100%|██████████| 2/2 [00:00<00:00, 1040.25it/s]
2024-11-18 17:37:52 - INFO - PMTfication completed.
