nohup: ignoring input
2024-11-29 17:42:31 - INFO - PMTfication starts...
2024-11-29 17:42:31 - INFO - The number of files in the subdirectory: 2
2024-11-29 17:42:31 - INFO - Using up to 1 workers.
2024-11-29 17:42:31 - INFO - Found 2 database files in subdirectory 99999.
Processing 99999:   0%|          | 0/2 [00:00<?, ?it/s]2024-11-29 17:42:31 - INFO - Processing shard 1 of part 98 in subdirectory 99999.
2024-11-29 17:42:33 - ERROR - Error processing file merged_part_98.db: module 'pyarrow.dataset' has no attribute 'join'
concurrent.futures.process._RemoteTraceback: 
"""
Traceback (most recent call last):
  File "/usr/lib64/python3.9/concurrent/futures/process.py", line 246, in _process_worker
    r = call_item.fn(*call_item.args, **call_item.kwargs)
  File "/lustre/hpc/icecube/cyan/factory/DOMification/PMTfier.py", line 210, in pmtfy_part
    consolidated_truth = self._divide_and_conquer_part(
  File "/lustre/hpc/icecube/cyan/factory/DOMification/PMTfier.py", line 188, in _divide_and_conquer_part
    pa_truth_shard = self.pmtfy_shard(
  File "/lustre/hpc/icecube/cyan/factory/DOMification/PMTfier.py", line 169, in pmtfy_shard
    pa_truth_shard = truth_maker(part_no, shard_no, int(subdir_tag))
  File "/lustre/hpc/icecube/cyan/factory/DOMification/PMT_truth_maker.py", line 15, in __call__
    return self._get_truth_pa_shard(part_no, shard_no, subdirectory_no)
  File "/lustre/hpc/icecube/cyan/factory/DOMification/PMT_truth_maker.py", line 49, in _get_truth_pa_shard
    merged_table = ds.join(
  File "/groups/icecube/cyan/.local/lib/python3.9/site-packages/pyarrow/dataset.py", line 116, in __getattr__
    raise AttributeError(
AttributeError: module 'pyarrow.dataset' has no attribute 'join'
"""

The above exception was the direct cause of the following exception:

Traceback (most recent call last):
  File "/lustre/hpc/icecube/cyan/factory/DOMification/PMTfier.py", line 254, in pmtfy_subdir_parallel
    future.result()
  File "/usr/lib64/python3.9/concurrent/futures/_base.py", line 439, in result
    return self.__get_result()
  File "/usr/lib64/python3.9/concurrent/futures/_base.py", line 391, in __get_result
    raise self._exception
AttributeError: module 'pyarrow.dataset' has no attribute 'join'
Processing 99999:  50%|█████     | 1/2 [00:02<00:02,  2.73s/it]2024-11-29 17:42:33 - INFO - Processing shard 1 of part 99 in subdirectory 99999.
2024-11-29 17:42:39 - ERROR - Error processing file merged_part_99.db: module 'pyarrow.dataset' has no attribute 'join'
concurrent.futures.process._RemoteTraceback: 
"""
Traceback (most recent call last):
  File "/usr/lib64/python3.9/concurrent/futures/process.py", line 246, in _process_worker
    r = call_item.fn(*call_item.args, **call_item.kwargs)
  File "/lustre/hpc/icecube/cyan/factory/DOMification/PMTfier.py", line 210, in pmtfy_part
    consolidated_truth = self._divide_and_conquer_part(
  File "/lustre/hpc/icecube/cyan/factory/DOMification/PMTfier.py", line 188, in _divide_and_conquer_part
    pa_truth_shard = self.pmtfy_shard(
  File "/lustre/hpc/icecube/cyan/factory/DOMification/PMTfier.py", line 169, in pmtfy_shard
    pa_truth_shard = truth_maker(part_no, shard_no, int(subdir_tag))
  File "/lustre/hpc/icecube/cyan/factory/DOMification/PMT_truth_maker.py", line 15, in __call__
    return self._get_truth_pa_shard(part_no, shard_no, subdirectory_no)
  File "/lustre/hpc/icecube/cyan/factory/DOMification/PMT_truth_maker.py", line 49, in _get_truth_pa_shard
    merged_table = ds.join(
  File "/groups/icecube/cyan/.local/lib/python3.9/site-packages/pyarrow/dataset.py", line 116, in __getattr__
    raise AttributeError(
AttributeError: module 'pyarrow.dataset' has no attribute 'join'
"""

The above exception was the direct cause of the following exception:

Traceback (most recent call last):
  File "/lustre/hpc/icecube/cyan/factory/DOMification/PMTfier.py", line 254, in pmtfy_subdir_parallel
    future.result()
  File "/usr/lib64/python3.9/concurrent/futures/_base.py", line 439, in result
    return self.__get_result()
  File "/usr/lib64/python3.9/concurrent/futures/_base.py", line 391, in __get_result
    raise self._exception
AttributeError: module 'pyarrow.dataset' has no attribute 'join'
Processing 99999: 100%|██████████| 2/2 [00:08<00:00,  4.36s/it]Processing 99999: 100%|██████████| 2/2 [00:08<00:00,  4.11s/it]
2024-11-29 17:42:39 - INFO - PMTfication completed.
