nohup: ignoring input
2024-11-22 20:42:56 - INFO - PMTfication starts...
2024-11-22 20:42:56 - INFO - The number of files in the subdirectory: 2
2024-11-22 20:42:56 - INFO - Using up to 1 workers.
2024-11-22 20:42:56 - INFO - Found 2 database files in subdirectory 99999.
Processing 99999:   0%|          | 0/2 [00:00<?, ?it/s]2024-11-22 20:42:56 - ERROR - Error processing file merged_part_98.db: '>' not supported between instances of 'list' and 'int'
concurrent.futures.process._RemoteTraceback: 
"""
Traceback (most recent call last):
  File "/usr/lib64/python3.9/concurrent/futures/process.py", line 246, in _process_worker
    r = call_item.fn(*call_item.args, **call_item.kwargs)
  File "/lustre/hpc/icecube/cyan/factory/DOMification/PMTfier.py", line 215, in pmtfy_part
    consolidated_truth = self._divide_and_conquer_part(
  File "/lustre/hpc/icecube/cyan/factory/DOMification/PMTfier.py", line 193, in _divide_and_conquer_part
    pa_truth_shard = self.pmtfy_shard(
  File "/lustre/hpc/icecube/cyan/factory/DOMification/PMTfier.py", line 167, in pmtfy_shard
    pa_pmtfied = summariser()
  File "/lustre/hpc/icecube/cyan/factory/DOMification/PMT_summariser.py", line 64, in __call__
    return self._get_PMTfied_pa()
  File "/lustre/hpc/icecube/cyan/factory/DOMification/PMT_summariser.py", line 80, in _get_PMTfied_pa
    avg_dom_position = self._get_Q_weighted_DOM_position(strings_doms_pulses)
  File "/lustre/hpc/icecube/cyan/factory/DOMification/PMT_summariser.py", line 121, in _get_Q_weighted_DOM_position
    max_Q = np.max(Qs) if Qs > 0 else 1
TypeError: '>' not supported between instances of 'list' and 'int'
"""

The above exception was the direct cause of the following exception:

Traceback (most recent call last):
  File "/lustre/hpc/icecube/cyan/factory/DOMification/PMTfier.py", line 263, in pmtfy_subdir_parallel
    future.result()
  File "/usr/lib64/python3.9/concurrent/futures/_base.py", line 439, in result
    return self.__get_result()
  File "/usr/lib64/python3.9/concurrent/futures/_base.py", line 391, in __get_result
    raise self._exception
TypeError: '>' not supported between instances of 'list' and 'int'
Processing 99999:  50%|█████     | 1/2 [00:00<00:00,  7.21it/s]2024-11-22 20:42:57 - ERROR - Error processing file merged_part_99.db: '>' not supported between instances of 'list' and 'int'
concurrent.futures.process._RemoteTraceback: 
"""
Traceback (most recent call last):
  File "/usr/lib64/python3.9/concurrent/futures/process.py", line 246, in _process_worker
    r = call_item.fn(*call_item.args, **call_item.kwargs)
  File "/lustre/hpc/icecube/cyan/factory/DOMification/PMTfier.py", line 215, in pmtfy_part
    consolidated_truth = self._divide_and_conquer_part(
  File "/lustre/hpc/icecube/cyan/factory/DOMification/PMTfier.py", line 193, in _divide_and_conquer_part
    pa_truth_shard = self.pmtfy_shard(
  File "/lustre/hpc/icecube/cyan/factory/DOMification/PMTfier.py", line 167, in pmtfy_shard
    pa_pmtfied = summariser()
  File "/lustre/hpc/icecube/cyan/factory/DOMification/PMT_summariser.py", line 64, in __call__
    return self._get_PMTfied_pa()
  File "/lustre/hpc/icecube/cyan/factory/DOMification/PMT_summariser.py", line 80, in _get_PMTfied_pa
    avg_dom_position = self._get_Q_weighted_DOM_position(strings_doms_pulses)
  File "/lustre/hpc/icecube/cyan/factory/DOMification/PMT_summariser.py", line 121, in _get_Q_weighted_DOM_position
    max_Q = np.max(Qs) if Qs > 0 else 1
TypeError: '>' not supported between instances of 'list' and 'int'
"""

The above exception was the direct cause of the following exception:

Traceback (most recent call last):
  File "/lustre/hpc/icecube/cyan/factory/DOMification/PMTfier.py", line 263, in pmtfy_subdir_parallel
    future.result()
  File "/usr/lib64/python3.9/concurrent/futures/_base.py", line 439, in result
    return self.__get_result()
  File "/usr/lib64/python3.9/concurrent/futures/_base.py", line 391, in __get_result
    raise self._exception
TypeError: '>' not supported between instances of 'list' and 'int'
Processing 99999: 100%|██████████| 2/2 [00:00<00:00,  1.88it/s]Processing 99999: 100%|██████████| 2/2 [00:00<00:00,  2.12it/s]
2024-11-22 20:42:57 - INFO - PMTfication completed.
