nohup: ignoring input
2024-11-25 14:22:24 - INFO - PMTfication starts...
2024-11-25 14:22:24 - INFO - The number of files in the subdirectory: 2
2024-11-25 14:22:24 - INFO - Using up to 1 workers.
2024-11-25 14:22:25 - INFO - Found 2 database files in subdirectory 99999.
Processing 99999:   0%|          | 0/2 [00:00<?, ?it/s]2024-11-25 14:22:25 - ERROR - Error processing file merged_part_98.db: pmtfy_part() got an unexpected keyword argument 'source_file'
concurrent.futures.process._RemoteTraceback: 
"""
Traceback (most recent call last):
  File "/usr/lib64/python3.9/concurrent/futures/process.py", line 246, in _process_worker
    r = call_item.fn(*call_item.args, **call_item.kwargs)
TypeError: pmtfy_part() got an unexpected keyword argument 'source_file'
"""

The above exception was the direct cause of the following exception:

Traceback (most recent call last):
  File "/lustre/hpc/icecube/cyan/factory/DOMification/PMTfier.py", line 253, in pmtfy_subdir_parallel
    future.result()
  File "/usr/lib64/python3.9/concurrent/futures/_base.py", line 439, in result
    return self.__get_result()
  File "/usr/lib64/python3.9/concurrent/futures/_base.py", line 391, in __get_result
    raise self._exception
TypeError: pmtfy_part() got an unexpected keyword argument 'source_file'
2024-11-25 14:22:25 - ERROR - Error processing file merged_part_99.db: pmtfy_part() got an unexpected keyword argument 'source_file'
concurrent.futures.process._RemoteTraceback: 
"""
Traceback (most recent call last):
  File "/usr/lib64/python3.9/concurrent/futures/process.py", line 246, in _process_worker
    r = call_item.fn(*call_item.args, **call_item.kwargs)
TypeError: pmtfy_part() got an unexpected keyword argument 'source_file'
"""

The above exception was the direct cause of the following exception:

Traceback (most recent call last):
  File "/lustre/hpc/icecube/cyan/factory/DOMification/PMTfier.py", line 253, in pmtfy_subdir_parallel
    future.result()
  File "/usr/lib64/python3.9/concurrent/futures/_base.py", line 439, in result
    return self.__get_result()
  File "/usr/lib64/python3.9/concurrent/futures/_base.py", line 391, in __get_result
    raise self._exception
TypeError: pmtfy_part() got an unexpected keyword argument 'source_file'
Processing 99999: 100%|██████████| 2/2 [00:00<00:00, 263.55it/s]
2024-11-25 14:22:25 - INFO - PMTfication completed.
