nohup: ignoring input
2024-12-10 12:00:39 - INFO - PMTfication starts...
2024-12-10 12:00:39 - INFO - The number of files in the subdirectory: 2
2024-12-10 12:00:39 - INFO - Using up to 1 workers.
2024-12-10 12:00:39 - INFO - Found 2 database files in subdirectory 99999.
Processing 99999:   0%|          | 0/2 [00:00<?, ?it/s]2024-12-10 12:00:39 - INFO - Processing shard 1 of part 98 in subdirectory 99999.
2024-12-10 12:00:42 - ERROR - Error processing file merged_part_98.db: 'str' object has no attribute 'name'
concurrent.futures.process._RemoteTraceback: 
"""
Traceback (most recent call last):
  File "/usr/lib64/python3.9/concurrent/futures/process.py", line 246, in _process_worker
    r = call_item.fn(*call_item.args, **call_item.kwargs)
  File "/lustre/hpc/icecube/cyan/factory/DOMification/PMTfier.py", line 217, in pmtfy_part
    consolidated_truth = self._divide_and_conquer_part(
  File "/lustre/hpc/icecube/cyan/factory/DOMification/PMTfier.py", line 200, in _divide_and_conquer_part
    pa_truth_shard = self.pmtfy_shard(
  File "/lustre/hpc/icecube/cyan/factory/DOMification/PMTfier.py", line 185, in pmtfy_shard
    pa_truth_shard = truth_maker(int(subdir_tag), part_no, shard_no)
  File "/lustre/hpc/icecube/cyan/factory/DOMification/PMT_truth_maker.py", line 53, in __call__
    return self._merge_tables(truth_table, HE_daughter_table)
  File "/lustre/hpc/icecube/cyan/factory/DOMification/PMT_truth_maker.py", line 108, in _merge_tables
    merged_data = {field.name: [] for field in PMTTruthMaker._SCHEMA.names}
  File "/lustre/hpc/icecube/cyan/factory/DOMification/PMT_truth_maker.py", line 108, in <dictcomp>
    merged_data = {field.name: [] for field in PMTTruthMaker._SCHEMA.names}
AttributeError: 'str' object has no attribute 'name'
"""

The above exception was the direct cause of the following exception:

Traceback (most recent call last):
  File "/lustre/hpc/icecube/cyan/factory/DOMification/PMTfier.py", line 249, in pmtfy_subdir_parallel
    future.result()
  File "/usr/lib64/python3.9/concurrent/futures/_base.py", line 439, in result
    return self.__get_result()
  File "/usr/lib64/python3.9/concurrent/futures/_base.py", line 391, in __get_result
    raise self._exception
AttributeError: 'str' object has no attribute 'name'
Processing 99999:  50%|█████     | 1/2 [00:03<00:03,  3.47s/it]2024-12-10 12:00:42 - INFO - Processing shard 1 of part 99 in subdirectory 99999.
2024-12-10 12:00:48 - ERROR - Error processing file merged_part_99.db: 'str' object has no attribute 'name'
concurrent.futures.process._RemoteTraceback: 
"""
Traceback (most recent call last):
  File "/usr/lib64/python3.9/concurrent/futures/process.py", line 246, in _process_worker
    r = call_item.fn(*call_item.args, **call_item.kwargs)
  File "/lustre/hpc/icecube/cyan/factory/DOMification/PMTfier.py", line 217, in pmtfy_part
    consolidated_truth = self._divide_and_conquer_part(
  File "/lustre/hpc/icecube/cyan/factory/DOMification/PMTfier.py", line 200, in _divide_and_conquer_part
    pa_truth_shard = self.pmtfy_shard(
  File "/lustre/hpc/icecube/cyan/factory/DOMification/PMTfier.py", line 185, in pmtfy_shard
    pa_truth_shard = truth_maker(int(subdir_tag), part_no, shard_no)
  File "/lustre/hpc/icecube/cyan/factory/DOMification/PMT_truth_maker.py", line 53, in __call__
    return self._merge_tables(truth_table, HE_daughter_table)
  File "/lustre/hpc/icecube/cyan/factory/DOMification/PMT_truth_maker.py", line 108, in _merge_tables
    merged_data = {field.name: [] for field in PMTTruthMaker._SCHEMA.names}
  File "/lustre/hpc/icecube/cyan/factory/DOMification/PMT_truth_maker.py", line 108, in <dictcomp>
    merged_data = {field.name: [] for field in PMTTruthMaker._SCHEMA.names}
AttributeError: 'str' object has no attribute 'name'
"""

The above exception was the direct cause of the following exception:

Traceback (most recent call last):
  File "/lustre/hpc/icecube/cyan/factory/DOMification/PMTfier.py", line 249, in pmtfy_subdir_parallel
    future.result()
  File "/usr/lib64/python3.9/concurrent/futures/_base.py", line 439, in result
    return self.__get_result()
  File "/usr/lib64/python3.9/concurrent/futures/_base.py", line 391, in __get_result
    raise self._exception
AttributeError: 'str' object has no attribute 'name'
Processing 99999: 100%|██████████| 2/2 [00:09<00:00,  4.91s/it]Processing 99999: 100%|██████████| 2/2 [00:09<00:00,  4.69s/it]
2024-12-10 12:00:48 - INFO - PMTfication completed.
