nohup: ignoring input
2024-11-22 15:01:37 - INFO - PMTfication starts...
2024-11-22 15:01:37 - INFO - The number of files in the subdirectory: 2
2024-11-22 15:01:37 - INFO - Using up to 1 workers.
2024-11-22 15:01:37 - INFO - Found 2 database files in subdirectory 99999.
Processing 99999:   0%|          | 0/2 [00:00<?, ?it/s]2024-11-22 15:01:38 - ERROR - Error processing file merged_part_98.db: unsupported format string passed to pyarrow.lib.ChunkedArray.__format__
concurrent.futures.process._RemoteTraceback: 
"""
Traceback (most recent call last):
  File "/usr/lib64/python3.9/concurrent/futures/process.py", line 246, in _process_worker
    r = call_item.fn(*call_item.args, **call_item.kwargs)
  File "/lustre/hpc/icecube/cyan/factory/DOMification/PMTfier.py", line 223, in pmtfy_part
    consolidated_truth = self._divide_and_conquer_part(
  File "/lustre/hpc/icecube/cyan/factory/DOMification/PMTfier.py", line 201, in _divide_and_conquer_part
    pa_truth_shard = self.pmtfy_shard(
  File "/lustre/hpc/icecube/cyan/factory/DOMification/PMTfier.py", line 176, in pmtfy_shard
    pa_pmtfied = self._add_enhance_event_no(pa_pmtfied, subdir_tag, part_no)
  File "/lustre/hpc/icecube/cyan/factory/DOMification/PMTfier.py", line 132, in _add_enhance_event_no
    enhanced_event_no = (f"{signal_or_noise_tag}{subdir_tag:02}{part_no:04}{original_event_no:07}")
TypeError: unsupported format string passed to pyarrow.lib.ChunkedArray.__format__
"""

The above exception was the direct cause of the following exception:

Traceback (most recent call last):
  File "/lustre/hpc/icecube/cyan/factory/DOMification/PMTfier.py", line 271, in pmtfy_subdir_parallel
    future.result()
  File "/usr/lib64/python3.9/concurrent/futures/_base.py", line 439, in result
    return self.__get_result()
  File "/usr/lib64/python3.9/concurrent/futures/_base.py", line 391, in __get_result
    raise self._exception
TypeError: unsupported format string passed to pyarrow.lib.ChunkedArray.__format__
Processing 99999:  50%|█████     | 1/2 [00:00<00:00,  2.88it/s]2024-11-22 15:01:39 - ERROR - Error processing file merged_part_99.db: unsupported format string passed to pyarrow.lib.ChunkedArray.__format__
concurrent.futures.process._RemoteTraceback: 
"""
Traceback (most recent call last):
  File "/usr/lib64/python3.9/concurrent/futures/process.py", line 246, in _process_worker
    r = call_item.fn(*call_item.args, **call_item.kwargs)
  File "/lustre/hpc/icecube/cyan/factory/DOMification/PMTfier.py", line 223, in pmtfy_part
    consolidated_truth = self._divide_and_conquer_part(
  File "/lustre/hpc/icecube/cyan/factory/DOMification/PMTfier.py", line 201, in _divide_and_conquer_part
    pa_truth_shard = self.pmtfy_shard(
  File "/lustre/hpc/icecube/cyan/factory/DOMification/PMTfier.py", line 176, in pmtfy_shard
    pa_pmtfied = self._add_enhance_event_no(pa_pmtfied, subdir_tag, part_no)
  File "/lustre/hpc/icecube/cyan/factory/DOMification/PMTfier.py", line 132, in _add_enhance_event_no
    enhanced_event_no = (f"{signal_or_noise_tag}{subdir_tag:02}{part_no:04}{original_event_no:07}")
TypeError: unsupported format string passed to pyarrow.lib.ChunkedArray.__format__
"""

The above exception was the direct cause of the following exception:

Traceback (most recent call last):
  File "/lustre/hpc/icecube/cyan/factory/DOMification/PMTfier.py", line 271, in pmtfy_subdir_parallel
    future.result()
  File "/usr/lib64/python3.9/concurrent/futures/_base.py", line 439, in result
    return self.__get_result()
  File "/usr/lib64/python3.9/concurrent/futures/_base.py", line 391, in __get_result
    raise self._exception
TypeError: unsupported format string passed to pyarrow.lib.ChunkedArray.__format__
Processing 99999: 100%|██████████| 2/2 [00:01<00:00,  1.08s/it]Processing 99999: 100%|██████████| 2/2 [00:01<00:00,  1.03it/s]
2024-11-22 15:01:39 - INFO - PMTfication completed.
