nohup: ignoring input
2025-01-16 21:01:22 - INFO - PMTfication for a subdirectory starts...
2025-01-16 21:01:22 - INFO - The number of files in the subdirectory: 2
2025-01-16 21:01:22 - INFO - Using up to 1 workers.
2025-01-16 21:01:22 - INFO - Found 2 database files in subdirectory 99999.
Processing 99999:   0%|          | 0/2 [00:00<?, ?it/s]2025-01-16 21:01:22 - INFO - Processing shard 1 of part 98 in subdirectory 99999.
2025-01-16 21:01:25 - ERROR - Error processing file merged_part_98.db: unsupported operand type(s) for ** or pow(): 'dict' and 'dict'
concurrent.futures.process._RemoteTraceback: 
"""
Traceback (most recent call last):
  File "/usr/lib64/python3.9/concurrent/futures/process.py", line 246, in _process_worker
    r = call_item.fn(*call_item.args, **call_item.kwargs)
  File "/lustre/hpc/icecube/cyan/factory/DOMification/PMTfier.py", line 212, in pmtfy_part
    consolidated_truth = self._divide_and_conquer_part(
  File "/lustre/hpc/icecube/cyan/factory/DOMification/PMTfier.py", line 190, in _divide_and_conquer_part
    pa_truth_shard = self.pmtfy_shard(
  File "/lustre/hpc/icecube/cyan/factory/DOMification/PMTfier.py", line 177, in pmtfy_shard
    pa_truth_shard = truth_maker(int(self.subdir_tag), part_no, shard_no, event_batch)
  File "/lustre/hpc/icecube/cyan/factory/DOMification/PMT_truth_maker.py", line 141, in __call__
    return self._merge_tables(truth_table,
  File "/lustre/hpc/icecube/cyan/factory/DOMification/PMT_truth_maker.py", line 168, in _merge_tables
    **{col: truth_table[col] for col in truth_table.column_names if col not in ['event_no']}
TypeError: unsupported operand type(s) for ** or pow(): 'dict' and 'dict'
"""

The above exception was the direct cause of the following exception:

Traceback (most recent call last):
  File "/lustre/hpc/icecube/cyan/factory/DOMification/PMTfier.py", line 244, in pmtfy_subdir_parallel
    future.result()
  File "/usr/lib64/python3.9/concurrent/futures/_base.py", line 439, in result
    return self.__get_result()
  File "/usr/lib64/python3.9/concurrent/futures/_base.py", line 391, in __get_result
    raise self._exception
TypeError: unsupported operand type(s) for ** or pow(): 'dict' and 'dict'
Processing 99999:  50%|█████     | 1/2 [00:02<00:02,  2.28s/it]2025-01-16 21:01:25 - INFO - Processing shard 1 of part 99 in subdirectory 99999.
2025-01-16 21:01:30 - ERROR - Error processing file merged_part_99.db: unsupported operand type(s) for ** or pow(): 'dict' and 'dict'
concurrent.futures.process._RemoteTraceback: 
"""
Traceback (most recent call last):
  File "/usr/lib64/python3.9/concurrent/futures/process.py", line 246, in _process_worker
    r = call_item.fn(*call_item.args, **call_item.kwargs)
  File "/lustre/hpc/icecube/cyan/factory/DOMification/PMTfier.py", line 212, in pmtfy_part
    consolidated_truth = self._divide_and_conquer_part(
  File "/lustre/hpc/icecube/cyan/factory/DOMification/PMTfier.py", line 190, in _divide_and_conquer_part
    pa_truth_shard = self.pmtfy_shard(
  File "/lustre/hpc/icecube/cyan/factory/DOMification/PMTfier.py", line 177, in pmtfy_shard
    pa_truth_shard = truth_maker(int(self.subdir_tag), part_no, shard_no, event_batch)
  File "/lustre/hpc/icecube/cyan/factory/DOMification/PMT_truth_maker.py", line 141, in __call__
    return self._merge_tables(truth_table,
  File "/lustre/hpc/icecube/cyan/factory/DOMification/PMT_truth_maker.py", line 168, in _merge_tables
    **{col: truth_table[col] for col in truth_table.column_names if col not in ['event_no']}
TypeError: unsupported operand type(s) for ** or pow(): 'dict' and 'dict'
"""

The above exception was the direct cause of the following exception:

Traceback (most recent call last):
  File "/lustre/hpc/icecube/cyan/factory/DOMification/PMTfier.py", line 244, in pmtfy_subdir_parallel
    future.result()
  File "/usr/lib64/python3.9/concurrent/futures/_base.py", line 439, in result
    return self.__get_result()
  File "/usr/lib64/python3.9/concurrent/futures/_base.py", line 391, in __get_result
    raise self._exception
TypeError: unsupported operand type(s) for ** or pow(): 'dict' and 'dict'
Processing 99999: 100%|██████████| 2/2 [00:07<00:00,  4.01s/it]Processing 99999: 100%|██████████| 2/2 [00:07<00:00,  3.75s/it]
2025-01-16 21:01:30 - INFO - PMTfication completed.
