nohup: ignoring input
2025-01-16 20:54:13 - INFO - PMTfication for a subdirectory starts...
2025-01-16 20:54:13 - INFO - The number of files in the subdirectory: 2
2025-01-16 20:54:13 - INFO - Using up to 1 workers.
2025-01-16 20:54:13 - INFO - Found 2 database files in subdirectory 99999.
Processing 99999:   0%|          | 0/2 [00:00<?, ?it/s]2025-01-16 20:54:13 - INFO - Processing shard 1 of part 98 in subdirectory 99999.
2025-01-16 20:54:16 - ERROR - Error processing file merged_part_98.db: 'pyarrow.lib.DataType' object has no attribute 'cast_value'
concurrent.futures.process._RemoteTraceback: 
"""
Traceback (most recent call last):
  File "/usr/lib64/python3.9/concurrent/futures/process.py", line 246, in _process_worker
    r = call_item.fn(*call_item.args, **call_item.kwargs)
  File "/lustre/hpc/icecube/cyan/factory/DOMification/PMTfier.py", line 212, in pmtfy_part
    consolidated_truth = self._divide_and_conquer_part(
  File "/lustre/hpc/icecube/cyan/factory/DOMification/PMTfier.py", line 190, in _divide_and_conquer_part
    pa_truth_shard = self.pmtfy_shard(
  File "/lustre/hpc/icecube/cyan/factory/DOMification/PMTfier.py", line 177, in pmtfy_shard
    pa_truth_shard = truth_maker(int(self.subdir_tag), part_no, shard_no, event_batch)
  File "/lustre/hpc/icecube/cyan/factory/DOMification/PMT_truth_maker.py", line 141, in __call__
    return self._merge_tables(truth_table,
  File "/lustre/hpc/icecube/cyan/factory/DOMification/PMT_truth_maker.py", line 208, in _merge_tables
    merged_data = self._ensure_pyarrow_array(merged_data, PMTTruthMaker._MERGED_SCHEMA)
  File "/lustre/hpc/icecube/cyan/factory/DOMification/PMT_truth_maker.py", line 224, in _ensure_pyarrow_array
    [field.type.cast_value(x) if x is not None else None for x in data[field_name]],
  File "/lustre/hpc/icecube/cyan/factory/DOMification/PMT_truth_maker.py", line 224, in <listcomp>
    [field.type.cast_value(x) if x is not None else None for x in data[field_name]],
AttributeError: 'pyarrow.lib.DataType' object has no attribute 'cast_value'
"""

The above exception was the direct cause of the following exception:

Traceback (most recent call last):
  File "/lustre/hpc/icecube/cyan/factory/DOMification/PMTfier.py", line 244, in pmtfy_subdir_parallel
    future.result()
  File "/usr/lib64/python3.9/concurrent/futures/_base.py", line 439, in result
    return self.__get_result()
  File "/usr/lib64/python3.9/concurrent/futures/_base.py", line 391, in __get_result
    raise self._exception
AttributeError: 'pyarrow.lib.DataType' object has no attribute 'cast_value'
Processing 99999:  50%|█████     | 1/2 [00:02<00:02,  2.33s/it]2025-01-16 20:54:16 - INFO - Processing shard 1 of part 99 in subdirectory 99999.
2025-01-16 20:54:21 - ERROR - Error processing file merged_part_99.db: 'pyarrow.lib.DataType' object has no attribute 'cast_value'
concurrent.futures.process._RemoteTraceback: 
"""
Traceback (most recent call last):
  File "/usr/lib64/python3.9/concurrent/futures/process.py", line 246, in _process_worker
    r = call_item.fn(*call_item.args, **call_item.kwargs)
  File "/lustre/hpc/icecube/cyan/factory/DOMification/PMTfier.py", line 212, in pmtfy_part
    consolidated_truth = self._divide_and_conquer_part(
  File "/lustre/hpc/icecube/cyan/factory/DOMification/PMTfier.py", line 190, in _divide_and_conquer_part
    pa_truth_shard = self.pmtfy_shard(
  File "/lustre/hpc/icecube/cyan/factory/DOMification/PMTfier.py", line 177, in pmtfy_shard
    pa_truth_shard = truth_maker(int(self.subdir_tag), part_no, shard_no, event_batch)
  File "/lustre/hpc/icecube/cyan/factory/DOMification/PMT_truth_maker.py", line 141, in __call__
    return self._merge_tables(truth_table,
  File "/lustre/hpc/icecube/cyan/factory/DOMification/PMT_truth_maker.py", line 208, in _merge_tables
    merged_data = self._ensure_pyarrow_array(merged_data, PMTTruthMaker._MERGED_SCHEMA)
  File "/lustre/hpc/icecube/cyan/factory/DOMification/PMT_truth_maker.py", line 224, in _ensure_pyarrow_array
    [field.type.cast_value(x) if x is not None else None for x in data[field_name]],
  File "/lustre/hpc/icecube/cyan/factory/DOMification/PMT_truth_maker.py", line 224, in <listcomp>
    [field.type.cast_value(x) if x is not None else None for x in data[field_name]],
AttributeError: 'pyarrow.lib.DataType' object has no attribute 'cast_value'
"""

The above exception was the direct cause of the following exception:

Traceback (most recent call last):
  File "/lustre/hpc/icecube/cyan/factory/DOMification/PMTfier.py", line 244, in pmtfy_subdir_parallel
    future.result()
  File "/usr/lib64/python3.9/concurrent/futures/_base.py", line 439, in result
    return self.__get_result()
  File "/usr/lib64/python3.9/concurrent/futures/_base.py", line 391, in __get_result
    raise self._exception
AttributeError: 'pyarrow.lib.DataType' object has no attribute 'cast_value'
Processing 99999: 100%|██████████| 2/2 [00:07<00:00,  4.09s/it]Processing 99999: 100%|██████████| 2/2 [00:07<00:00,  3.82s/it]
Error converting field 'event_no' to type int32: 'pyarrow.lib.DataType' object has no attribute 'cast_value'
Error converting field 'event_no' to type int32: 'pyarrow.lib.DataType' object has no attribute 'cast_value'
2025-01-16 20:54:21 - INFO - PMTfication completed.
