nohup: ignoring input
Traceback (most recent call last):
  File "/groups/icecube/cyan/.local/lib/python3.9/site-packages/pandas/io/sql.py", line 2674, in execute
    cur.execute(sql, *args)
sqlite3.OperationalError: no such table: SRTInIcePulses

The above exception was the direct cause of the following exception:

Traceback (most recent call last):
  File "/lustre/hpc/icecube/cyan/factory/DOMification/StatViewerPulseMap.py", line 454, in <module>
    viewer = PulseMapStatViewer(source_db, output_pdf, args.N)
  File "/lustre/hpc/icecube/cyan/factory/DOMification/StatViewerPulseMap.py", line 21, in __init__
    self.df_features = self._convertDBtoDF(source_db, 'SRTInIcePulses', N_events)
  File "/lustre/hpc/icecube/cyan/factory/DOMification/StatViewerPulseMap.py", line 27, in _convertDBtoDF
    N_events_total = self._get_total_events(con, table)
  File "/lustre/hpc/icecube/cyan/factory/DOMification/StatViewerPulseMap.py", line 52, in _get_total_events
    result = pd.read_sql_query(query, con)
  File "/groups/icecube/cyan/.local/lib/python3.9/site-packages/pandas/io/sql.py", line 526, in read_sql_query
    return pandas_sql.read_query(
  File "/groups/icecube/cyan/.local/lib/python3.9/site-packages/pandas/io/sql.py", line 2738, in read_query
    cursor = self.execute(sql, params)
  File "/groups/icecube/cyan/.local/lib/python3.9/site-packages/pandas/io/sql.py", line 2686, in execute
    raise ex from exc
pandas.errors.DatabaseError: Execution failed on sql 'SELECT COUNT(DISTINCT event_no) AS total_events FROM SRTInIcePulses': no such table: SRTInIcePulses
