nohup: ignoring input
2025-02-22 20:26:42 - INFO - PMTfication starts...
2025-02-22 20:26:42 - INFO - The number of files in the subdirectory: 2
2025-02-22 20:26:42 - INFO - The number of files in the subdirectory: 2
2025-02-22 20:26:42 - INFO - Using up to 1 workers.
2025-02-22 20:26:42 - INFO - PMTfying Snowstorm...
2025-02-22 20:26:42 - INFO - Found 2 database files in subdirectory 99999.
Processing 99999:   0%|          | 0/2 [00:00<?, ?it/s]2025-02-22 20:26:42 - ERROR - Error processing file merged_part_98.db: name '_TRUTH_SCHEMA' is not defined
concurrent.futures.process._RemoteTraceback: 
"""
Traceback (most recent call last):
  File "/usr/lib64/python3.9/concurrent/futures/process.py", line 246, in _process_worker
    r = call_item.fn(*call_item.args, **call_item.kwargs)
  File "/lustre/hpc/icecube/cyan/factory/DOMification/PMTfication/PMTfier.py", line 208, in pmtfy_part
    truth_maker = PMTTruthMaker(con_source = con_source,
  File "/lustre/hpc/icecube/cyan/factory/DOMification/PMTfication/PMT_truth_maker.py", line 24, in __init__
    self._build_schema()
  File "/lustre/hpc/icecube/cyan/factory/DOMification/PMTfication/PMT_truth_maker.py", line 180, in _build_schema
    list(_TRUTH_SCHEMA)
NameError: name '_TRUTH_SCHEMA' is not defined
"""

The above exception was the direct cause of the following exception:

Traceback (most recent call last):
  File "/lustre/hpc/icecube/cyan/factory/DOMification/PMTfication/PMTfier.py", line 246, in pmtfy_subdir_parallel
    future.result()
  File "/usr/lib64/python3.9/concurrent/futures/_base.py", line 439, in result
    return self.__get_result()
  File "/usr/lib64/python3.9/concurrent/futures/_base.py", line 391, in __get_result
    raise self._exception
NameError: name '_TRUTH_SCHEMA' is not defined
2025-02-22 20:26:43 - ERROR - Error processing file merged_part_99.db: name '_TRUTH_SCHEMA' is not defined
concurrent.futures.process._RemoteTraceback: 
"""
Traceback (most recent call last):
  File "/usr/lib64/python3.9/concurrent/futures/process.py", line 246, in _process_worker
    r = call_item.fn(*call_item.args, **call_item.kwargs)
  File "/lustre/hpc/icecube/cyan/factory/DOMification/PMTfication/PMTfier.py", line 208, in pmtfy_part
    truth_maker = PMTTruthMaker(con_source = con_source,
  File "/lustre/hpc/icecube/cyan/factory/DOMification/PMTfication/PMT_truth_maker.py", line 24, in __init__
    self._build_schema()
  File "/lustre/hpc/icecube/cyan/factory/DOMification/PMTfication/PMT_truth_maker.py", line 180, in _build_schema
    list(_TRUTH_SCHEMA)
NameError: name '_TRUTH_SCHEMA' is not defined
"""

The above exception was the direct cause of the following exception:

Traceback (most recent call last):
  File "/lustre/hpc/icecube/cyan/factory/DOMification/PMTfication/PMTfier.py", line 246, in pmtfy_subdir_parallel
    future.result()
  File "/usr/lib64/python3.9/concurrent/futures/_base.py", line 439, in result
    return self.__get_result()
  File "/usr/lib64/python3.9/concurrent/futures/_base.py", line 391, in __get_result
    raise self._exception
NameError: name '_TRUTH_SCHEMA' is not defined
Processing 99999: 100%|██████████| 2/2 [00:00<00:00, 439.82it/s]
2025-02-22 20:26:43 - INFO - PMTfication for Snowstorm completed.
2025-02-22 20:26:43 - INFO - PMTfying Corsika...
2025-02-22 20:26:43 - INFO - Found 2 database files in subdirectory 9999999-9999999.
Processing 9999999-9999999:   0%|          | 0/2 [00:00<?, ?it/s]2025-02-22 20:26:43 - ERROR - Error processing file merged_part_96.db: name '_TRUTH_SCHEMA' is not defined
concurrent.futures.process._RemoteTraceback: 
"""
Traceback (most recent call last):
  File "/usr/lib64/python3.9/concurrent/futures/process.py", line 246, in _process_worker
    r = call_item.fn(*call_item.args, **call_item.kwargs)
  File "/lustre/hpc/icecube/cyan/factory/DOMification/PMTfication/PMTfier.py", line 208, in pmtfy_part
    truth_maker = PMTTruthMaker(con_source = con_source,
  File "/lustre/hpc/icecube/cyan/factory/DOMification/PMTfication/PMT_truth_maker.py", line 24, in __init__
    self._build_schema()
  File "/lustre/hpc/icecube/cyan/factory/DOMification/PMTfication/PMT_truth_maker.py", line 180, in _build_schema
    list(_TRUTH_SCHEMA)
NameError: name '_TRUTH_SCHEMA' is not defined
"""

The above exception was the direct cause of the following exception:

Traceback (most recent call last):
  File "/lustre/hpc/icecube/cyan/factory/DOMification/PMTfication/PMTfier.py", line 246, in pmtfy_subdir_parallel
    future.result()
  File "/usr/lib64/python3.9/concurrent/futures/_base.py", line 439, in result
    return self.__get_result()
  File "/usr/lib64/python3.9/concurrent/futures/_base.py", line 391, in __get_result
    raise self._exception
NameError: name '_TRUTH_SCHEMA' is not defined
2025-02-22 20:26:43 - ERROR - Error processing file merged_part_97.db: name '_TRUTH_SCHEMA' is not defined
concurrent.futures.process._RemoteTraceback: 
"""
Traceback (most recent call last):
  File "/usr/lib64/python3.9/concurrent/futures/process.py", line 246, in _process_worker
    r = call_item.fn(*call_item.args, **call_item.kwargs)
  File "/lustre/hpc/icecube/cyan/factory/DOMification/PMTfication/PMTfier.py", line 208, in pmtfy_part
    truth_maker = PMTTruthMaker(con_source = con_source,
  File "/lustre/hpc/icecube/cyan/factory/DOMification/PMTfication/PMT_truth_maker.py", line 24, in __init__
    self._build_schema()
  File "/lustre/hpc/icecube/cyan/factory/DOMification/PMTfication/PMT_truth_maker.py", line 180, in _build_schema
    list(_TRUTH_SCHEMA)
NameError: name '_TRUTH_SCHEMA' is not defined
"""

The above exception was the direct cause of the following exception:

Traceback (most recent call last):
  File "/lustre/hpc/icecube/cyan/factory/DOMification/PMTfication/PMTfier.py", line 246, in pmtfy_subdir_parallel
    future.result()
  File "/usr/lib64/python3.9/concurrent/futures/_base.py", line 439, in result
    return self.__get_result()
  File "/usr/lib64/python3.9/concurrent/futures/_base.py", line 391, in __get_result
    raise self._exception
NameError: name '_TRUTH_SCHEMA' is not defined
Processing 9999999-9999999: 100%|██████████| 2/2 [00:00<00:00, 280.79it/s]
2025-02-22 20:26:43 - INFO - PMTfication for Corsika completed.
2025-02-22 20:26:43 - INFO - PMTfication completed.
